Flow report for sumador_completo
Wed Nov 30 12:11:05 2022
Quartus II 64-Bit Version 13.0.1 Build 232 06/12/2013 Service Pack 1 SJ Web Edition


---------------------
; Table of Contents ;
---------------------
  1. Legal Notice
  2. Flow Summary
  3. Flow Settings
  4. Flow Non-Default Global Settings
  5. Flow Elapsed Time
  6. Flow OS Summary
  7. Flow Log
  8. Flow Messages
  9. Flow Suppressed Messages



----------------
; Legal Notice ;
----------------
Copyright (C) 1991-2013 Altera Corporation
Your use of Altera Corporation's design tools, logic functions 
and other software and tools, and its AMPP partner logic 
functions, and any output files from any of the foregoing 
(including device programming or simulation files), and any 
associated documentation or information are expressly subject 
to the terms and conditions of the Altera Program License 
Subscription Agreement, Altera MegaCore Function License 
Agreement, or other applicable license agreement, including, 
without limitation, that your use is for the sole purpose of 
programming logic devices manufactured by Altera and sold by 
Altera or its authorized distributors.  Please refer to the 
applicable agreement for further details.



+--------------------------------------------------------------------------------------+
; Flow Summary                                                                         ;
+------------------------------------+-------------------------------------------------+
; Flow Status                        ; Successful - Wed Nov 30 12:11:05 2022           ;
; Quartus II 64-Bit Version          ; 13.0.1 Build 232 06/12/2013 SP 1 SJ Web Edition ;
; Revision Name                      ; sumador_completo                                ;
; Top-level Entity Name              ; sumador_completo                                ;
; Family                             ; Cyclone III                                     ;
; Device                             ; EP3C120F780C7                                   ;
; Timing Models                      ; Final                                           ;
; Total logic elements               ; 5 / 119,088 ( < 1 % )                           ;
;     Total combinational functions  ; 2 / 119,088 ( < 1 % )                           ;
;     Dedicated logic registers      ; 5 / 119,088 ( < 1 % )                           ;
; Total registers                    ; 5                                               ;
; Total pins                         ; 6 / 532 ( 1 % )                                 ;
; Total virtual pins                 ; 0                                               ;
; Total memory bits                  ; 0 / 3,981,312 ( 0 % )                           ;
; Embedded Multiplier 9-bit elements ; 0 / 576 ( 0 % )                                 ;
; Total PLLs                         ; 0 / 4 ( 0 % )                                   ;
+------------------------------------+-------------------------------------------------+


+-----------------------------------------+
; Flow Settings                           ;
+-------------------+---------------------+
; Option            ; Setting             ;
+-------------------+---------------------+
; Start date & time ; 11/28/2022 21:13:24 ;
; Main task         ; Compilation         ;
; Revision Name     ; sumador_completo    ;
+-------------------+---------------------+


+-------------------------------------------------------------------------------------------------------------------------------------------------------------+
; Flow Non-Default Global Settings                                                                                                                            ;
+--------------------------------------+-----------------------------------------------------------+---------------+-------------+----------------------------+
; Assignment Name                      ; Value                                                     ; Default Value ; Entity Name ; Section Id                 ;
+--------------------------------------+-----------------------------------------------------------+---------------+-------------+----------------------------+
; COMPILER_SIGNATURE_ID                ; 238338866570890.166968080310444                           ; --            ; --          ; --                         ;
; EDA_DESIGN_INSTANCE_NAME             ; uut                                                       ; --            ; --          ; sumador_completo_testbench ;
; EDA_ENABLE_GLITCH_FILTERING          ; On                                                        ; --            ; --          ; eda_simulation             ;
; EDA_GENERATE_FUNCTIONAL_NETLIST      ; On                                                        ; --            ; --          ; eda_simulation             ;
; EDA_MAP_ILLEGAL_CHARACTERS           ; On                                                        ; --            ; --          ; eda_simulation             ;
; EDA_NATIVELINK_SIMULATION_TEST_BENCH ; sumador_completo_testbench                                ; --            ; --          ; eda_simulation             ;
; EDA_NETLIST_WRITER_OUTPUT_DIR        ; C:\Users\Nico\Desktop\TRABAJO DE LABORATORIO FPGA\PARTE B ; --            ; --          ; eda_simulation             ;
; EDA_OUTPUT_DATA_FORMAT               ; Vhdl                                                      ; --            ; --          ; eda_simulation             ;
; EDA_SIMULATION_TOOL                  ; ModelSim-Altera (VHDL)                                    ; <None>        ; --          ; --                         ;
; EDA_TEST_BENCH_ENABLE_STATUS         ; TEST_BENCH_MODE                                           ; --            ; --          ; eda_simulation             ;
; EDA_TEST_BENCH_FILE                  ; sumador_completo_testbench.vhd                            ; --            ; --          ; sumador_completo_testbench ;
; EDA_TEST_BENCH_MODULE_NAME           ; sumador_completo_testbench                                ; --            ; --          ; sumador_completo_testbench ;
; EDA_TEST_BENCH_NAME                  ; sumador_completo_testbench                                ; --            ; --          ; eda_simulation             ;
; EDA_TEST_BENCH_RUN_SIM_FOR           ; 40 ns                                                     ; --            ; --          ; sumador_completo_testbench ;
; EDA_TIME_SCALE                       ; 1 ps                                                      ; --            ; --          ; eda_simulation             ;
; MAX_CORE_JUNCTION_TEMP               ; 85                                                        ; --            ; --          ; --                         ;
; MIN_CORE_JUNCTION_TEMP               ; 0                                                         ; --            ; --          ; --                         ;
; NOMINAL_CORE_SUPPLY_VOLTAGE          ; 1.2V                                                      ; --            ; --          ; --                         ;
; PARTITION_COLOR                      ; 16764057                                                  ; --            ; --          ; Top                        ;
; PARTITION_FITTER_PRESERVATION_LEVEL  ; PLACEMENT_AND_ROUTING                                     ; --            ; --          ; Top                        ;
; PARTITION_NETLIST_TYPE               ; SOURCE                                                    ; --            ; --          ; Top                        ;
; POWER_BOARD_THERMAL_MODEL            ; None (CONSERVATIVE)                                       ; --            ; --          ; --                         ;
; POWER_PRESET_COOLING_SOLUTION        ; 23 MM HEAT SINK WITH 200 LFPM AIRFLOW                     ; --            ; --          ; --                         ;
; PROJECT_OUTPUT_DIRECTORY             ; output_files                                              ; --            ; --          ; --                         ;
+--------------------------------------+-----------------------------------------------------------+---------------+-------------+----------------------------+


+-------------------------------------------------------------------------------------------------------------------------------+
; Flow Elapsed Time                                                                                                             ;
+---------------------------+--------------+-------------------------+---------------------+------------------------------------+
; Module Name               ; Elapsed Time ; Average Processors Used ; Peak Virtual Memory ; Total CPU Time (on all processors) ;
+---------------------------+--------------+-------------------------+---------------------+------------------------------------+
; Analysis & Synthesis      ; 00:00:04     ; 1.0                     ; 4628 MB             ; 00:00:03                           ;
; Fitter                    ; 00:00:25     ; 1.0                     ; 5033 MB             ; 00:00:24                           ;
; Assembler                 ; 00:00:08     ; 1.0                     ; 4549 MB             ; 00:00:07                           ;
; TimeQuest Timing Analyzer ; 00:00:04     ; 1.0                     ; 4637 MB             ; 00:00:04                           ;
; EDA Netlist Writer        ; 00:00:01     ; 1.0                     ; 4502 MB             ; 00:00:01                           ;
; EDA Netlist Writer        ; 00:00:01     ; 1.0                     ; 4510 MB             ; 00:00:01                           ;
; EDA Netlist Writer        ; 00:00:01     ; 1.0                     ; 4510 MB             ; 00:00:01                           ;
; EDA Netlist Writer        ; 00:00:01     ; 1.0                     ; 4510 MB             ; 00:00:01                           ;
; EDA Netlist Writer        ; 00:00:02     ; 1.0                     ; 4510 MB             ; 00:00:01                           ;
; EDA Netlist Writer        ; 00:00:02     ; 1.0                     ; 4510 MB             ; 00:00:01                           ;
; EDA Netlist Writer        ; 00:00:01     ; 1.0                     ; 4510 MB             ; 00:00:01                           ;
; Total                     ; 00:00:50     ; --                      ; --                  ; 00:00:45                           ;
+---------------------------+--------------+-------------------------+---------------------+------------------------------------+


+----------------------------------------------------------------------------------------+
; Flow OS Summary                                                                        ;
+---------------------------+------------------+-----------+------------+----------------+
; Module Name               ; Machine Hostname ; OS Name   ; OS Version ; Processor type ;
+---------------------------+------------------+-----------+------------+----------------+
; Analysis & Synthesis      ; DESKTOP-09RNOMF  ; Windows 7 ; 6.2        ; x86_64         ;
; Fitter                    ; DESKTOP-09RNOMF  ; Windows 7 ; 6.2        ; x86_64         ;
; Assembler                 ; DESKTOP-09RNOMF  ; Windows 7 ; 6.2        ; x86_64         ;
; TimeQuest Timing Analyzer ; DESKTOP-09RNOMF  ; Windows 7 ; 6.2        ; x86_64         ;
; EDA Netlist Writer        ; DESKTOP-09RNOMF  ; Windows 7 ; 6.2        ; x86_64         ;
; EDA Netlist Writer        ; DESKTOP-09RNOMF  ; Windows 7 ; 6.2        ; x86_64         ;
; EDA Netlist Writer        ; DESKTOP-09RNOMF  ; Windows 7 ; 6.2        ; x86_64         ;
; EDA Netlist Writer        ; DESKTOP-09RNOMF  ; Windows 7 ; 6.2        ; x86_64         ;
; EDA Netlist Writer        ; DESKTOP-09RNOMF  ; Windows 7 ; 6.2        ; x86_64         ;
; EDA Netlist Writer        ; DESKTOP-09RNOMF  ; Windows 7 ; 6.2        ; x86_64         ;
; EDA Netlist Writer        ; DESKTOP-09RNOMF  ; Windows 7 ; 6.2        ; x86_64         ;
+---------------------------+------------------+-----------+------------+----------------+


------------
; Flow Log ;
------------
quartus_map --read_settings_files=on --write_settings_files=off sumador_completo -c sumador_completo
quartus_fit --read_settings_files=off --write_settings_files=off sumador_completo -c sumador_completo
quartus_asm --read_settings_files=off --write_settings_files=off sumador_completo -c sumador_completo
quartus_sta sumador_completo -c sumador_completo
quartus_eda --read_settings_files=off --write_settings_files=off sumador_completo -c sumador_completo
quartus_eda --gen_testbench --check_outputs=on --tool=modelsim_oem --format=verilog sumador_completo -c sumador_completo --vector_source="C:/Users/Nico/Desktop/TRABAJO DE LABORATORIO FPGA/PARTE B/Waveform.vwf" --testbench_file=./simulation/qsim/sumador_completo.vt
quartus_eda --functional=on --simulation=on --tool=modelsim_oem --format=verilog sumador_completo -c sumador_completo
quartus_eda --gen_testbench --check_outputs=on --tool=modelsim_oem --format=verilog sumador_completo -c sumador_completo --vector_source="C:/Users/Nico/Desktop/TRABAJO DE LABORATORIO FPGA/PARTE B/Waveform.vwf" --testbench_file=./simulation/qsim/sumador_completo.vt
quartus_eda --functional=on --simulation=on --tool=modelsim_oem --format=verilog sumador_completo -c sumador_completo
quartus_eda --gen_testbench --check_outputs=on --tool=modelsim_oem --format=verilog sumador_completo -c sumador_completo --vector_source="C:/Users/Nico/Desktop/TRABAJO DE LABORATORIO FPGA/PARTE B/Waveform.vwf" --testbench_file=./simulation/qsim/sumador_completo.vt
quartus_eda --functional=on --simulation=on --tool=modelsim_oem --format=verilog sumador_completo -c sumador_completo



